[debug] [2024-09-26T20:16:33.858Z] ----------------------------------------------------------------------
[debug] [2024-09-26T20:16:33.861Z] Command:       C:\Program Files\nodejs\node.exe C:\Users\israe\AppData\Roaming\npm\node_modules\firebase-tools\lib\bin\firebase.js init
[debug] [2024-09-26T20:16:33.861Z] CLI Version:   13.0.2
[debug] [2024-09-26T20:16:33.861Z] Platform:      win32
[debug] [2024-09-26T20:16:33.861Z] Node Version:  v20.10.0
[debug] [2024-09-26T20:16:33.861Z] Time:          Thu Sep 26 2024 16:16:33 GMT-0400 (Eastern Daylight Time)
[debug] [2024-09-26T20:16:33.861Z] ----------------------------------------------------------------------
[debug] 
[debug] [2024-09-26T20:16:33.864Z] >>> [apiv2][query] GET https://firebase-public.firebaseio.com/cli.json [none]
[debug] [2024-09-26T20:16:33.898Z] > command requires scopes: ["email","openid","https://www.googleapis.com/auth/cloudplatformprojects.readonly","https://www.googleapis.com/auth/firebase","https://www.googleapis.com/auth/cloud-platform"]
[debug] [2024-09-26T20:16:33.898Z] > authorizing via signed-in user (ikengland.ie@gmail.com)
[info] 
     ######## #### ########  ######## ########     ###     ######  ########
     ##        ##  ##     ## ##       ##     ##  ##   ##  ##       ##
     ######    ##  ########  ######   ########  #########  ######  ######
     ##        ##  ##    ##  ##       ##     ## ##     ##       ## ##
     ##       #### ##     ## ######## ########  ##     ##  ######  ########

You're about to initialize a Firebase project in this directory:

  C:\Users\israe\Documents\GitHub\Hexagon-Mapper

[debug] [2024-09-26T20:16:34.771Z] <<< [apiv2][status] GET https://firebase-public.firebaseio.com/cli.json 200
[debug] [2024-09-26T20:16:34.771Z] <<< [apiv2][body] GET https://firebase-public.firebaseio.com/cli.json {"cloudBuildErrorAfter":1594252800000,"cloudBuildWarnAfter":1590019200000,"defaultNode10After":1594252800000,"minVersion":"3.0.5","node8DeploysDisabledAfter":1613390400000,"node8RuntimeDisabledAfter":1615809600000,"node8WarnAfter":1600128000000}
